[0, 1, 2, 3, 4, 5, 6, 7]
[18, 22, 23, 7, 4, 2, 0, 2]
[19, 20, 22, 8, 5, 2, 3, 0]
arcsine
[19.38996521607669, 8.789082242736844, 7.460050075635476, 7.136414047999949, 7.452941234755013, 8.765366052460742, 17.560144281066695, 0.3675464167983773]
bradford
[34.09356617082337, 13.926612116369439, 8.895374130731545, 6.549387853569316, 5.185999725640725, 4.293568059423308, 3.663647130883061, 0.002016692965052025]
burr
[54.90911639520226, 12.125666768978991, 7.16906612301232, 3.1165634898280117, 0.93234520599182, 0.2682995363416938, 0.08784875841996376, 0.033087277082126776]
cauchy
[15.581614812229223, 27.12833783912847, 10.818070211977554, 3.9388835298419385, 1.9314784723726806, 1.133758400008333, 0.7427734947754622, 0.5234330782247187]
chi
[52.995455463817656, 13.322750359621232, 6.811945466466492, 3.3040097195855562, 1.427442996178347, 0.5369172373935787, 0.1739019642132651, 0.04820144531072934]
chi2
[59.810815374273304, 10.161335389399783, 4.34765047480659, 2.0953742301139067, 1.0668767435615059, 0.5608441542694799, 0.3010770935762108, 0.1640435971798342]
dgamma
[20.45849651917551, 17.194851292609428, 20.490299737512867, 7.5076447535131345, 1.9446815510954156, 0.4411353052344136, 0.09323725407908878, 0.01885758214046762]
dweibull
[18.00516625688187, 20.1845156588744, 18.353353461504007, 7.834896340104763, 2.41207721179938, 0.6065449682531234, 0.1308478085752831, 0.024884924453398405]
expon
[35.58334161120353, 19.437932359803675, 10.618261167055238, 5.800383915572581, 3.168546435118797, 1.7308658629560685, 0.9455113557249526, 0.5164997143556972]
exponnorm
[35.65718108576911, 19.42408630390024, 10.58118151803944, 5.764049879412767, 3.139939614088993, 1.7104676375787662, 0.9317693646325574, 0.5075770682786557]
exponweib
[57.92504707464094, 10.68197566150123, 4.98743619593963, 2.513704633091723, 1.286386736612847, 0.6553597804606052, 0.32987344494146353, 0.16360309118503347]
exponpow
[44.50339604101481, 12.348094396445566, 7.243909822225564, 4.67071579067261, 3.125960738650269, 2.127289117653409, 1.4575460672368838, 0.9999222596106834]
fatiguelife
[32.4000968190837, 18.647572517174666, 9.846302846722839, 5.407283580990429, 3.0603724495461524, 1.7689020099613026, 1.0379872740984344, 0.6159799457759312]
fisk
[26.05416121656345, 22.937410797892856, 11.5426182307494, 5.481663985682685, 2.7920589882585007, 1.5451163981946925, 0.9191459759750406, 0.5802241551835464]
foldnorm
[26.476251968260854, 21.961162648410593, 15.086915356973371, 8.57495046006231, 4.0264848966289, 1.5594161230390384, 0.49725601062920743, 0.13032678541614873]
genlogistic
[22.48068221266903, 23.961088641435893, 14.280575009860266, 6.656358837329973, 2.808184100043386, 1.1384975580925278, 0.4543437613804413, 0.18018784277244226]
gennorm
[15.779499049269223, 24.902046856950662, 16.20468545191033, 7.107988435732921, 2.603830859839224, 0.8331690256926937, 0.2384687380181142, 0.061991988070951964]
genexpon
[33.583359017178, 20.320945396295865, 11.693131572548564, 6.40413341104518, 3.3407538579832714, 1.6609125238469922, 0.7873961919786394, 0.35610714875231997]
genextreme
[25.400040562312277, 23.083177857231544, 12.405127262960685, 5.916539118836495, 2.830565623230908, 1.405893224940918, 0.7302147567812742, 0.3961334967348784]
gausshyper
[40.05656907803408, 16.468166115733187, 9.479456330546661, 5.6898569241572305, 3.393675494966331, 1.9349436153070878, 0.9945406016422412, 0.4008725755742132]
gamma
[71.88000369490112, 4.189017149159343, 1.5325873204327647, 0.6625913385767688, 0.30923226505927726, 0.15087126861965172, 0.07578272439564482, 0.03885754369836569]
gengamma
[61.23330765567107, 9.244816105056767, 4.178363592179597, 2.0494266617827237, 1.0253351284362946, 0.5131611767536003, 0.2548885967695034, 0.1251941831539597]
genhalflogistic
[30.286972709684502, 22.426579215314042, 13.169569363012796, 6.7063855529685075, 3.1680970787552374, 1.443451789834472, 0.6468151383564098, 0.28767715443661335]
gilbrat
[33.58436625436902, 17.41246416866495, 8.777825980480157, 4.868265279911935, 2.9131499640387353, 1.8473532813348104, 1.225791253910188, 0.8434554192554146]
gompertz
[33.542977440179584, 20.267325759424264, 11.717810472295433, 6.460948326270522, 3.3851712172482484, 1.6788674799350511, 0.7848627225311686, 0.34432334541883436]
gumbel_r
[22.46881939429249, 23.916648831911914, 14.271782372524804, 6.667061221974374, 2.819634391651509, 1.1459733193664956, 0.4584466559277526, 0.18225519187202588]
gumbel_l
[10.039709115918145, 13.05857776652984, 14.474393588001076, 12.355683280880092, 6.918755395317548, 1.9838145628357111, 0.2000050123956031, 0.003930899385321762]
halflogistic
[30.30361128531499, 22.43278431440896, 13.166946143331167, 6.701409632053777, 3.1640364369453633, 1.4408526246012814, 0.6453266362103235, 0.2868746032758901]
halfnorm
[27.053930825414106, 22.23280123878263, 14.999888476563754, 8.30808758446281, 3.777611246776911, 1.4099888764314379, 0.43198718784971946, 0.10863086102393171]
halfgennorm
[49.15322597244042, 7.150396871781142, 3.790867572048576, 2.4660536104414845, 1.7717161971805875, 1.351486848619131, 1.073506846319089, 0.8780721632958569]
hypsecant
[16.954494511350777, 25.333855395454208, 16.019629998449595, 6.236516318444468, 2.185955069430498, 0.755509091351904, 0.26067591847952454, 0.08992371471139371]
invgauss
[28.793217515245413, 20.909462208157727, 11.207471313973054, 5.823798933840237, 3.055595661046293, 1.6296487949535898, 0.8832491914456467, 0.48562097055675935]
johnsonsb
[51.744067595444434, 3.091313838145269, 2.07981290013569, 1.7751956323568847, 1.7661255471340107, 2.078132324794495, 3.47700568557101, 12.78390368483526]
johnsonsu
[28.062166004735715, 21.41749092380663, 11.372938729136992, 5.767296967412813, 2.977528588430627, 1.5884610939604298, 0.8774191068392797, 0.5009378977842938]
kstwobign
[21.83679070817239, 22.775985517802308, 14.843485653934676, 7.654497124065752, 3.311794190633286, 1.2187064017665228, 0.38329359488329573, 0.10332967225505241]
laplace
[23.03218999527797, 23.239623754243727, 9.48132805140226, 3.8682029695888778, 1.578153833810577, 0.6438569906365875, 0.26268150512972344, 0.10716909832569121]
logistic
[16.953881616629463, 23.973067246918244, 16.92998200800193, 7.004131147579125, 2.2427438631688896, 0.6567670759274731, 0.18720716903953394, 0.05294934585844646]
loggamma
[15.189762260174023, 20.055183066511226, 17.450612570191918, 9.945321969391605, 3.6881116906223035, 0.883794686860039, 0.13585743797806937, 0.013294588845279898]
lognorm
[28.15306959647241, 21.41091286537496, 11.346977563885503, 5.753754211846129, 2.9735378292634613, 1.5888869638784855, 0.8793676685369335, 0.5031283342837733]
maxwell
[18.20713105539405, 22.2701239851758, 16.994462913529595, 8.96117719844834, 3.420022562792226, 0.9684956946430284, 0.20654415039075735, 0.033489559884847364]
nakagami
[35.39055795340006, 20.296094587097528, 12.21130391217133, 6.3388794367140955, 2.7731785551209556, 1.0136758136268393, 0.30827830877567985, 0.07781533101090554]
ncx2
[24.917304938278182, 15.07058466264667, 10.948905669579366, 7.982375049644456, 5.770144690009827, 4.129313769977484, 2.9271230801971555, 2.057251802035836]
norm
[15.317899046963458, 20.31075923561259, 17.550254282216514, 9.881600698134111, 3.624018009887105, 0.8651580111344352, 0.1343314686816569, 0.013552237946738988]
pearson3
[43.75917757089769, 16.941522103656858, 8.417465714342349, 4.368231094108832, 2.313249372590815, 1.2395675361291674, 0.6694066775762765, 0.36349472727157717]
powerlaw
[21.752090697121837, 12.518194182335865, 10.442220634457591, 9.288393249398395, 8.515267695823153, 7.945993566831922, 7.5018995580410275, 0.3554583950907312]
rayleigh
[19.486297537129598, 22.5815620684253, 16.71543366916336, 8.858844146528673, 3.501690387526194, 1.052471455378396, 0.24310441914613956, 0.043433367641631304]
rice
[19.485834329893024, 22.58153159015633, 16.71573339688837, 8.859183800279714, 3.501903731729862, 1.0525620453610822, 0.2431321237527877, 0.043439651882889674]
recipinvgauss
[48.119541899132614, 13.011198327985934, 6.850464371643012, 3.9738949501179963, 2.4112585355605227, 1.5019846179017053, 0.9518691006311933, 0.6106539533823407]
skewnorm
[27.055045438451867, 22.233333735321114, 14.999733690504705, 8.307575093742262, 3.7771195565619786, 1.409684668633983, 0.4318496086612684, 0.10858324160470123]
t
[17.61723865494098, 25.68436538685555, 16.0046929301907, 5.773292343149907, 1.8691727929723805, 0.6618013887133943, 0.2658449305168592, 0.11979463504402821]
triang
[19.109891516500003, 16.44131141849986, 13.772731320499735, 11.104151222499585, 8.435571124499452, 5.766991026499292, 3.098410928499159, 0.5801185034617973]
truncexpon
[18.159499112849176, 15.110201691478776, 12.572934624370566, 10.461719062151442, 8.705013507605194, 7.243289531807119, 6.027014569908514, 3.0081744507803876e-05]
wald
[33.54804192028333, 17.545383070906336, 8.953483423913443, 4.997811222373333, 2.974826091953276, 1.8528270547029693, 1.1930572643435275, 0.7879487911637917]
weibull_min
[34.23034642184468, 14.89666036667105, 8.98416486551041, 5.853384739618278, 3.9769931171948327, 2.777776398914344, 1.979518106334019, 1.4327181889249898]
weibull_max
[1.3979182426661614, 1.8111195006451932, 2.43023704174812, 3.4308380197344905, 5.256868189459427, 9.481447379958349, 39.55108873364474, 5.748777263447913e-06]
arcsine              8.608411277133352e-11
bradford             8.323555104300669e-05
burr                 4.6082063841648885e-38
cauchy               5.501319874061498e-05
chi                  8.443690834579043e-24
chi2                 5.915277367089943e-33
dgamma               4.91156139320677e-19
dweibull             1.698342642303941e-12
expon                0.0003531555063476255
exponnorm            0.0003019723721368797
exponweib            6.3240703859088595e-27
exponpow             1.1588509652343573e-09
fatiguelife          0.0002742987960220684
fisk                 0.005382238126773326
foldnorm             0.009612699578949536
genlogistic          0.002129314572411556
gennorm              1.4447109059290202e-06
genexpon             0.0015188596530935523
genextreme           0.006642002715029979
gausshyper           1.3830429374968665e-05
gamma                3.091382906424046e-138
gengamma             2.362561322355154e-36
genhalflogistic      0.004138815575854333
gilbrat              2.074221495413533e-05
gompertz             0.0016207083902943322
gumbel_r             0.002324983991135462
gumbel_l             6.344052971661489e-10
halflogistic         0.004048335571641022
halfnorm             0.0026253490198177554
halfgennorm          1.541383785770579e-29
hypsecant            2.27927836895139e-06
invgauss             0.003150012038249875
johnsonsb            1.763042224306601e-70
johnsonsu            0.0038739068162546766
kstwobign            0.0013933562412997737
laplace              9.49555731287822e-11
logistic             9.114801360704792e-09
loggamma             1.6542836548451375e-11
lognorm              0.003694287866077548
maxwell              6.529353414530258e-07
nakagami             4.746672055748691e-07
ncx2                 0.014814771113863034
norm                 1.1746487753907456e-11
pearson3             7.12134000840339e-09
powerlaw             0.0003698229141980259
rayleigh             1.1867071783828652e-05
rice                 1.189188064635454e-05
recipinvgauss        6.180982577113659e-12
skewnorm             0.002617097318369539
t                    9.403383485208651e-07
triang               0.13877835581709252
truncexpon           0.02367996375560209
wald                 3.4510931653822435e-05
weibull_min          7.340562241644532e-05
weibull_max          5.414320664017997e-127
Best model is triang with p value of 0.13877835581709252
(1.6879844483063105e-07, -1.8417858632779098e-06, 7.6560728288703945)
